<?xml version="1.0" encoding="UTF-8"?>
<testsuite xmlns:xsi="http://www.w3.org/2001/XMLSchema-instance" xsi:noNamespaceSchemaLocation="https://maven.apache.org/surefire/maven-surefire-plugin/xsd/surefire-test-report-3.0.xsd" version="3.0" name="devopslab.CalulatorTest" time="0.082" tests="4" errors="0" skipped="0" failures="0">
  <properties>
[...]
</properties>
  <testcase name="DivideTest" classname="devopslab.CalulatorTest" time="0.016"/>
  <testcase name="multipleTest" classname="devopslab.CalulatorTest" time="0"/>
  <testcase name="subtractionTest" classname="devopslab.CalulatorTest" time="0"/>
  <testcase name="addtionTest" classname="devopslab.CalulatorTest" time="0"/>
</testsuite>